<?xml version="1.0" encoding="UTF-8"?>
<!-- Generated by org.testng.reporters.JUnitXMLReporter -->
<testsuite hostname="QT-INBG-LT0558" ignored="0" name="Default test" tests="3" failures="0" timestamp="29 Apr 2020 17:04:06 GMT" time="30.701" errors="0">
  <testcase name="Test1" time="2.204" classname="Qualiframe.Qualiframe.TestClass1"/>
  <testcase name="Test2" time="2.003" classname="Qualiframe.Qualiframe.TestClass1"/>
  <testcase name="Test3" time="3.666" classname="Qualiframe.Qualiframe.TestClass1"/>
</testsuite> <!-- Default test -->
