<?xml version="1.0" encoding="UTF-8"?>
<!-- Generated by org.testng.reporters.JUnitXMLReporter -->
<testsuite hostname="QT-INBG-LT0558" ignored="0" name="Test" tests="3" failures="0" timestamp="29 Apr 2020 17:01:55 GMT" time="30.99" errors="0">
  <testcase name="Test1" time="3.77" classname="Qualiframe.Qualiframe.TestClass1"/>
  <testcase name="Test2" time="2.374" classname="Qualiframe.Qualiframe.TestClass1"/>
  <testcase name="Test3" time="2.535" classname="Qualiframe.Qualiframe.TestClass1"/>
</testsuite> <!-- Test -->
