<?xml version="1.0" encoding="UTF-8"?>
<testng-results skipped="0" failed="0" ignored="0" total="3" passed="3">
  <reporter-output>
  </reporter-output>
  <suite name="Default suite" duration-ms="30701" started-at="2020-04-29T17:03:35Z" finished-at="2020-04-29T17:04:06Z">
    <groups>
    </groups>
    <test name="Default test" duration-ms="30701" started-at="2020-04-29T17:03:35Z" finished-at="2020-04-29T17:04:06Z">
      <class name="Qualiframe.Qualiframe.TestClass1">
        <test-method status="PASS" signature="launchDriver()[pri:0, instance:Qualiframe.Qualiframe.TestClass1@31ef45e3]" name="launchDriver" is-config="true" duration-ms="7195" started-at="2020-04-29T17:03:35Z" finished-at="2020-04-29T17:03:42Z">
          <reporter-output>
          </reporter-output>
        </test-method> <!-- launchDriver -->
        <test-method status="PASS" signature="Test1()[pri:0, instance:Qualiframe.Qualiframe.TestClass1@31ef45e3]" name="Test1" duration-ms="2204" started-at="2020-04-29T17:03:42Z" finished-at="2020-04-29T17:03:44Z">
          <reporter-output>
          </reporter-output>
        </test-method> <!-- Test1 -->
        <test-method status="PASS" signature="quit()[pri:0, instance:Qualiframe.Qualiframe.TestClass1@31ef45e3]" name="quit" is-config="true" duration-ms="935" started-at="2020-04-29T17:03:44Z" finished-at="2020-04-29T17:03:45Z">
          <reporter-output>
          </reporter-output>
        </test-method> <!-- quit -->
        <test-method status="PASS" signature="launchDriver()[pri:0, instance:Qualiframe.Qualiframe.TestClass1@31ef45e3]" name="launchDriver" is-config="true" duration-ms="6412" started-at="2020-04-29T17:03:45Z" finished-at="2020-04-29T17:03:52Z">
          <reporter-output>
          </reporter-output>
        </test-method> <!-- launchDriver -->
        <test-method status="PASS" signature="Test2()[pri:0, instance:Qualiframe.Qualiframe.TestClass1@31ef45e3]" name="Test2" duration-ms="2003" started-at="2020-04-29T17:03:52Z" finished-at="2020-04-29T17:03:54Z">
          <reporter-output>
          </reporter-output>
        </test-method> <!-- Test2 -->
        <test-method status="PASS" signature="quit()[pri:0, instance:Qualiframe.Qualiframe.TestClass1@31ef45e3]" name="quit" is-config="true" duration-ms="982" started-at="2020-04-29T17:03:54Z" finished-at="2020-04-29T17:03:55Z">
          <reporter-output>
          </reporter-output>
        </test-method> <!-- quit -->
        <test-method status="PASS" signature="launchDriver()[pri:0, instance:Qualiframe.Qualiframe.TestClass1@31ef45e3]" name="launchDriver" is-config="true" duration-ms="6205" started-at="2020-04-29T17:03:55Z" finished-at="2020-04-29T17:04:01Z">
          <reporter-output>
          </reporter-output>
        </test-method> <!-- launchDriver -->
        <test-method status="PASS" signature="Test3()[pri:0, instance:Qualiframe.Qualiframe.TestClass1@31ef45e3]" name="Test3" duration-ms="3666" started-at="2020-04-29T17:04:01Z" finished-at="2020-04-29T17:04:05Z">
          <reporter-output>
          </reporter-output>
        </test-method> <!-- Test3 -->
        <test-method status="PASS" signature="quit()[pri:0, instance:Qualiframe.Qualiframe.TestClass1@31ef45e3]" name="quit" is-config="true" duration-ms="1059" started-at="2020-04-29T17:04:05Z" finished-at="2020-04-29T17:04:06Z">
          <reporter-output>
          </reporter-output>
        </test-method> <!-- quit -->
      </class> <!-- Qualiframe.Qualiframe.TestClass1 -->
    </test> <!-- Default test -->
  </suite> <!-- Default suite -->
</testng-results>
